Analysis & Synthesis report for taxi
Fri Dec 27 14:21:15 2019
Quartus Prime Version 18.1.0 Build 625 09/12/2018 SJ Lite Edition


---------------------
; Table of Contents ;
---------------------
  1. Legal Notice
  2. Analysis & Synthesis Summary
  3. Analysis & Synthesis Settings
  4. Parallel Compilation
  5. Analysis & Synthesis Source Files Read
  6. Analysis & Synthesis Resource Usage Summary
  7. Analysis & Synthesis Resource Utilization by Entity
  8. Registers Removed During Synthesis
  9. General Register Statistics
 10. Multiplexer Restructuring Statistics (Restructuring Performed)
 11. Parameter Settings for Inferred Entity Instance: trans:inst3|lpm_divide:Mod1
 12. Parameter Settings for Inferred Entity Instance: trans:inst3|lpm_divide:Mod0
 13. Parameter Settings for Inferred Entity Instance: trans:inst3|lpm_divide:Mod3
 14. Parameter Settings for Inferred Entity Instance: trans:inst3|lpm_divide:Mod2
 15. Parameter Settings for Inferred Entity Instance: trans:inst3|lpm_divide:Mod5
 16. Parameter Settings for Inferred Entity Instance: trans:inst3|lpm_divide:Mod4
 17. Parameter Settings for Inferred Entity Instance: trans:inst3|lpm_divide:Mod7
 18. Parameter Settings for Inferred Entity Instance: trans:inst3|lpm_divide:Mod6
 19. Parameter Settings for Inferred Entity Instance: trans:inst3|lpm_divide:Div1
 20. Parameter Settings for Inferred Entity Instance: trans:inst3|lpm_divide:Div0
 21. Parameter Settings for Inferred Entity Instance: trans:inst3|lpm_divide:Div2
 22. Parameter Settings for Inferred Entity Instance: trans:inst3|lpm_divide:Div4
 23. Parameter Settings for Inferred Entity Instance: trans:inst3|lpm_divide:Div3
 24. Parameter Settings for Inferred Entity Instance: trans:inst3|lpm_divide:Div5
 25. Post-Synthesis Netlist Statistics for Top Partition
 26. Elapsed Time Per Partition
 27. Analysis & Synthesis Messages



----------------
; Legal Notice ;
----------------
Copyright (C) 2018  Intel Corporation. All rights reserved.
Your use of Intel Corporation's design tools, logic functions 
and other software and tools, and its AMPP partner logic 
functions, and any output files from any of the foregoing 
(including device programming or simulation files), and any 
associated documentation or information are expressly subject 
to the terms and conditions of the Intel Program License 
Subscription Agreement, the Intel Quartus Prime License Agreement,
the Intel FPGA IP License Agreement, or other applicable license
agreement, including, without limitation, that your use is for
the sole purpose of programming logic devices manufactured by
Intel and sold by Intel or its authorized distributors.  Please
refer to the applicable agreement for further details.



+----------------------------------------------------------------------------------+
; Analysis & Synthesis Summary                                                     ;
+------------------------------------+---------------------------------------------+
; Analysis & Synthesis Status        ; Successful - Fri Dec 27 14:21:15 2019       ;
; Quartus Prime Version              ; 18.1.0 Build 625 09/12/2018 SJ Lite Edition ;
; Revision Name                      ; taxi                                        ;
; Top-level Entity Name              ; taxi                                        ;
; Family                             ; Cyclone IV E                                ;
; Total logic elements               ; 2,127                                       ;
;     Total combinational functions  ; 2,075                                       ;
;     Dedicated logic registers      ; 241                                         ;
; Total registers                    ; 241                                         ;
; Total pins                         ; 61                                          ;
; Total virtual pins                 ; 0                                           ;
; Total memory bits                  ; 0                                           ;
; Embedded Multiplier 9-bit elements ; 0                                           ;
; Total PLLs                         ; 0                                           ;
+------------------------------------+---------------------------------------------+


+------------------------------------------------------------------------------------------------------------+
; Analysis & Synthesis Settings                                                                              ;
+------------------------------------------------------------------+--------------------+--------------------+
; Option                                                           ; Setting            ; Default Value      ;
+------------------------------------------------------------------+--------------------+--------------------+
; Device                                                           ; EP4CE115F29C7      ;                    ;
; Top-level entity name                                            ; taxi               ; taxi               ;
; Family name                                                      ; Cyclone IV E       ; Cyclone V          ;
; Use smart compilation                                            ; Off                ; Off                ;
; Enable parallel Assembler and Timing Analyzer during compilation ; On                 ; On                 ;
; Enable compact report table                                      ; Off                ; Off                ;
; Restructure Multiplexers                                         ; Auto               ; Auto               ;
; Create Debugging Nodes for IP Cores                              ; Off                ; Off                ;
; Preserve fewer node names                                        ; On                 ; On                 ;
; Intel FPGA IP Evaluation Mode                                    ; Enable             ; Enable             ;
; Verilog Version                                                  ; Verilog_2001       ; Verilog_2001       ;
; VHDL Version                                                     ; VHDL_1993          ; VHDL_1993          ;
; State Machine Processing                                         ; Auto               ; Auto               ;
; Safe State Machine                                               ; Off                ; Off                ;
; Extract Verilog State Machines                                   ; On                 ; On                 ;
; Extract VHDL State Machines                                      ; On                 ; On                 ;
; Ignore Verilog initial constructs                                ; Off                ; Off                ;
; Iteration limit for constant Verilog loops                       ; 5000               ; 5000               ;
; Iteration limit for non-constant Verilog loops                   ; 250                ; 250                ;
; Add Pass-Through Logic to Inferred RAMs                          ; On                 ; On                 ;
; Infer RAMs from Raw Logic                                        ; On                 ; On                 ;
; Parallel Synthesis                                               ; On                 ; On                 ;
; DSP Block Balancing                                              ; Auto               ; Auto               ;
; NOT Gate Push-Back                                               ; On                 ; On                 ;
; Power-Up Don't Care                                              ; On                 ; On                 ;
; Remove Redundant Logic Cells                                     ; Off                ; Off                ;
; Remove Duplicate Registers                                       ; On                 ; On                 ;
; Ignore CARRY Buffers                                             ; Off                ; Off                ;
; Ignore CASCADE Buffers                                           ; Off                ; Off                ;
; Ignore GLOBAL Buffers                                            ; Off                ; Off                ;
; Ignore ROW GLOBAL Buffers                                        ; Off                ; Off                ;
; Ignore LCELL Buffers                                             ; Off                ; Off                ;
; Ignore SOFT Buffers                                              ; On                 ; On                 ;
; Limit AHDL Integers to 32 Bits                                   ; Off                ; Off                ;
; Optimization Technique                                           ; Balanced           ; Balanced           ;
; Carry Chain Length                                               ; 70                 ; 70                 ;
; Auto Carry Chains                                                ; On                 ; On                 ;
; Auto Open-Drain Pins                                             ; On                 ; On                 ;
; Perform WYSIWYG Primitive Resynthesis                            ; Off                ; Off                ;
; Auto ROM Replacement                                             ; On                 ; On                 ;
; Auto RAM Replacement                                             ; On                 ; On                 ;
; Auto DSP Block Replacement                                       ; On                 ; On                 ;
; Auto Shift Register Replacement                                  ; Auto               ; Auto               ;
; Allow Shift Register Merging across Hierarchies                  ; Auto               ; Auto               ;
; Auto Clock Enable Replacement                                    ; On                 ; On                 ;
; Strict RAM Replacement                                           ; Off                ; Off                ;
; Allow Synchronous Control Signals                                ; On                 ; On                 ;
; Force Use of Synchronous Clear Signals                           ; Off                ; Off                ;
; Auto RAM Block Balancing                                         ; On                 ; On                 ;
; Auto RAM to Logic Cell Conversion                                ; Off                ; Off                ;
; Auto Resource Sharing                                            ; Off                ; Off                ;
; Allow Any RAM Size For Recognition                               ; Off                ; Off                ;
; Allow Any ROM Size For Recognition                               ; Off                ; Off                ;
; Allow Any Shift Register Size For Recognition                    ; Off                ; Off                ;
; Use LogicLock Constraints during Resource Balancing              ; On                 ; On                 ;
; Ignore translate_off and synthesis_off directives                ; Off                ; Off                ;
; Timing-Driven Synthesis                                          ; On                 ; On                 ;
; Report Parameter Settings                                        ; On                 ; On                 ;
; Report Source Assignments                                        ; On                 ; On                 ;
; Report Connectivity Checks                                       ; On                 ; On                 ;
; Ignore Maximum Fan-Out Assignments                               ; Off                ; Off                ;
; Synchronization Register Chain Length                            ; 2                  ; 2                  ;
; Power Optimization During Synthesis                              ; Normal compilation ; Normal compilation ;
; HDL message level                                                ; Level2             ; Level2             ;
; Suppress Register Optimization Related Messages                  ; Off                ; Off                ;
; Number of Removed Registers Reported in Synthesis Report         ; 5000               ; 5000               ;
; Number of Swept Nodes Reported in Synthesis Report               ; 5000               ; 5000               ;
; Number of Inverted Registers Reported in Synthesis Report        ; 100                ; 100                ;
; Clock MUX Protection                                             ; On                 ; On                 ;
; Auto Gated Clock Conversion                                      ; Off                ; Off                ;
; Block Design Naming                                              ; Auto               ; Auto               ;
; SDC constraint protection                                        ; Off                ; Off                ;
; Synthesis Effort                                                 ; Auto               ; Auto               ;
; Shift Register Replacement - Allow Asynchronous Clear Signal     ; On                 ; On                 ;
; Pre-Mapping Resynthesis Optimization                             ; Off                ; Off                ;
; Analysis & Synthesis Message Level                               ; Medium             ; Medium             ;
; Disable Register Merging Across Hierarchies                      ; Auto               ; Auto               ;
; Resource Aware Inference For Block RAM                           ; On                 ; On                 ;
+------------------------------------------------------------------+--------------------+--------------------+


+------------------------------------------+
; Parallel Compilation                     ;
+----------------------------+-------------+
; Processors                 ; Number      ;
+----------------------------+-------------+
; Number detected on machine ; 8           ;
; Maximum allowed            ; 4           ;
;                            ;             ;
; Average used               ; 1.00        ;
; Maximum used               ; 4           ;
;                            ;             ;
; Usage by Processor         ; % Time Used ;
;     Processor 1            ; 100.0%      ;
;     Processor 2            ;   0.0%      ;
;     Processor 3            ;   0.0%      ;
;     Processor 4            ;   0.0%      ;
+----------------------------+-------------+


+--------------------------------------------------------------------------------------------------------------------------------------------------------------------------------+
; Analysis & Synthesis Source Files Read                                                                                                                                         ;
+----------------------------------+-----------------+------------------------------------+----------------------------------------------------------------------------+---------+
; File Name with User-Entered Path ; Used in Netlist ; File Type                          ; File Name with Absolute Path                                               ; Library ;
+----------------------------------+-----------------+------------------------------------+----------------------------------------------------------------------------+---------+
; time_price.vhd                   ; yes             ; User VHDL File                     ; D:/FPGA/taxi/time_price.vhd                                                ;         ;
; seg_trans.vhd                    ; yes             ; User VHDL File                     ; D:/FPGA/taxi/seg_trans.vhd                                                 ;         ;
; div.vhd                          ; yes             ; User VHDL File                     ; D:/FPGA/taxi/div.vhd                                                       ;         ;
; distance.vhd                     ; yes             ; User VHDL File                     ; D:/FPGA/taxi/distance.vhd                                                  ;         ;
; sum_price.vhd                    ; yes             ; User VHDL File                     ; D:/FPGA/taxi/sum_price.vhd                                                 ;         ;
; trans.vhd                        ; yes             ; User VHDL File                     ; D:/FPGA/taxi/trans.vhd                                                     ;         ;
; taxi.bdf                         ; yes             ; User Block Diagram/Schematic File  ; D:/FPGA/taxi/taxi.bdf                                                      ;         ;
; lpm_divide.tdf                   ; yes             ; Megafunction                       ; d:/intelfpga_lite/18.1/quartus/libraries/megafunctions/lpm_divide.tdf      ;         ;
; abs_divider.inc                  ; yes             ; Megafunction                       ; d:/intelfpga_lite/18.1/quartus/libraries/megafunctions/abs_divider.inc     ;         ;
; sign_div_unsign.inc              ; yes             ; Megafunction                       ; d:/intelfpga_lite/18.1/quartus/libraries/megafunctions/sign_div_unsign.inc ;         ;
; aglobal181.inc                   ; yes             ; Megafunction                       ; d:/intelfpga_lite/18.1/quartus/libraries/megafunctions/aglobal181.inc      ;         ;
; db/lpm_divide_icm.tdf            ; yes             ; Auto-Generated Megafunction        ; D:/FPGA/taxi/db/lpm_divide_icm.tdf                                         ;         ;
; db/sign_div_unsign_7nh.tdf       ; yes             ; Auto-Generated Megafunction        ; D:/FPGA/taxi/db/sign_div_unsign_7nh.tdf                                    ;         ;
; db/alt_u_div_2af.tdf             ; yes             ; Auto-Generated Megafunction        ; D:/FPGA/taxi/db/alt_u_div_2af.tdf                                          ;         ;
; db/add_sub_7pc.tdf               ; yes             ; Auto-Generated Megafunction        ; D:/FPGA/taxi/db/add_sub_7pc.tdf                                            ;         ;
; db/add_sub_8pc.tdf               ; yes             ; Auto-Generated Megafunction        ; D:/FPGA/taxi/db/add_sub_8pc.tdf                                            ;         ;
; db/lpm_divide_2jm.tdf            ; yes             ; Auto-Generated Megafunction        ; D:/FPGA/taxi/db/lpm_divide_2jm.tdf                                         ;         ;
; db/sign_div_unsign_qlh.tdf       ; yes             ; Auto-Generated Megafunction        ; D:/FPGA/taxi/db/sign_div_unsign_qlh.tdf                                    ;         ;
; db/alt_u_div_87f.tdf             ; yes             ; Auto-Generated Megafunction        ; D:/FPGA/taxi/db/alt_u_div_87f.tdf                                          ;         ;
; db/lpm_divide_ckm.tdf            ; yes             ; Auto-Generated Megafunction        ; D:/FPGA/taxi/db/lpm_divide_ckm.tdf                                         ;         ;
; db/sign_div_unsign_4nh.tdf       ; yes             ; Auto-Generated Megafunction        ; D:/FPGA/taxi/db/sign_div_unsign_4nh.tdf                                    ;         ;
; db/alt_u_div_s9f.tdf             ; yes             ; Auto-Generated Megafunction        ; D:/FPGA/taxi/db/alt_u_div_s9f.tdf                                          ;         ;
; db/lpm_divide_vim.tdf            ; yes             ; Auto-Generated Megafunction        ; D:/FPGA/taxi/db/lpm_divide_vim.tdf                                         ;         ;
; db/sign_div_unsign_nlh.tdf       ; yes             ; Auto-Generated Megafunction        ; D:/FPGA/taxi/db/sign_div_unsign_nlh.tdf                                    ;         ;
; db/alt_u_div_27f.tdf             ; yes             ; Auto-Generated Megafunction        ; D:/FPGA/taxi/db/alt_u_div_27f.tdf                                          ;         ;
+----------------------------------+-----------------+------------------------------------+----------------------------------------------------------------------------+---------+


+------------------------------------------------------------+
; Analysis & Synthesis Resource Usage Summary                ;
+---------------------------------------------+--------------+
; Resource                                    ; Usage        ;
+---------------------------------------------+--------------+
; Estimated Total logic elements              ; 2,127        ;
;                                             ;              ;
; Total combinational functions               ; 2075         ;
; Logic element usage by number of LUT inputs ;              ;
;     -- 4 input functions                    ; 434          ;
;     -- 3 input functions                    ; 553          ;
;     -- <=2 input functions                  ; 1088         ;
;                                             ;              ;
; Logic elements by mode                      ;              ;
;     -- normal mode                          ; 1334         ;
;     -- arithmetic mode                      ; 741          ;
;                                             ;              ;
; Total registers                             ; 241          ;
;     -- Dedicated logic registers            ; 241          ;
;     -- I/O registers                        ; 0            ;
;                                             ;              ;
; I/O pins                                    ; 61           ;
;                                             ;              ;
; Embedded Multiplier 9-bit elements          ; 0            ;
;                                             ;              ;
; Maximum fan-out node                        ; div:inst12|y ;
; Maximum fan-out                             ; 107          ;
; Total fan-out                               ; 6095         ;
; Average fan-out                             ; 2.50         ;
+---------------------------------------------+--------------+


+-------------------------------------------------------------------------------------------------------------------------------------------------------------------------------------------------------------------------------------------------------------------------------------------------------------------------------+
; Analysis & Synthesis Resource Utilization by Entity                                                                                                                                                                                                                                                                           ;
+-------------------------------------------+---------------------+---------------------------+-------------+--------------+---------+-----------+------+--------------+-------------------------------------------------------------------------------------------------------------------+---------------------+--------------+
; Compilation Hierarchy Node                ; Combinational ALUTs ; Dedicated Logic Registers ; Memory Bits ; DSP Elements ; DSP 9x9 ; DSP 18x18 ; Pins ; Virtual Pins ; Full Hierarchy Name                                                                                               ; Entity Name         ; Library Name ;
+-------------------------------------------+---------------------+---------------------------+-------------+--------------+---------+-----------+------+--------------+-------------------------------------------------------------------------------------------------------------------+---------------------+--------------+
; |taxi                                     ; 2075 (0)            ; 241 (0)                   ; 0           ; 0            ; 0       ; 0         ; 61   ; 0            ; |taxi                                                                                                             ; taxi                ; work         ;
;    |distance:inst|                        ; 83 (83)             ; 40 (40)                   ; 0           ; 0            ; 0       ; 0         ; 0    ; 0            ; |taxi|distance:inst                                                                                               ; distance            ; work         ;
;    |div:inst12|                           ; 84 (84)             ; 68 (68)                   ; 0           ; 0            ; 0       ; 0         ; 0    ; 0            ; |taxi|div:inst12                                                                                                  ; div                 ; work         ;
;    |seg_trans:inst10|                     ; 7 (7)               ; 0 (0)                     ; 0           ; 0            ; 0       ; 0         ; 0    ; 0            ; |taxi|seg_trans:inst10                                                                                            ; seg_trans           ; work         ;
;    |seg_trans:inst11|                     ; 7 (7)               ; 0 (0)                     ; 0           ; 0            ; 0       ; 0         ; 0    ; 0            ; |taxi|seg_trans:inst11                                                                                            ; seg_trans           ; work         ;
;    |seg_trans:inst4|                      ; 7 (7)               ; 0 (0)                     ; 0           ; 0            ; 0       ; 0         ; 0    ; 0            ; |taxi|seg_trans:inst4                                                                                             ; seg_trans           ; work         ;
;    |seg_trans:inst5|                      ; 7 (7)               ; 0 (0)                     ; 0           ; 0            ; 0       ; 0         ; 0    ; 0            ; |taxi|seg_trans:inst5                                                                                             ; seg_trans           ; work         ;
;    |seg_trans:inst6|                      ; 7 (7)               ; 0 (0)                     ; 0           ; 0            ; 0       ; 0         ; 0    ; 0            ; |taxi|seg_trans:inst6                                                                                             ; seg_trans           ; work         ;
;    |seg_trans:inst7|                      ; 7 (7)               ; 0 (0)                     ; 0           ; 0            ; 0       ; 0         ; 0    ; 0            ; |taxi|seg_trans:inst7                                                                                             ; seg_trans           ; work         ;
;    |seg_trans:inst8|                      ; 7 (7)               ; 0 (0)                     ; 0           ; 0            ; 0       ; 0         ; 0    ; 0            ; |taxi|seg_trans:inst8                                                                                             ; seg_trans           ; work         ;
;    |seg_trans:inst9|                      ; 7 (7)               ; 0 (0)                     ; 0           ; 0            ; 0       ; 0         ; 0    ; 0            ; |taxi|seg_trans:inst9                                                                                             ; seg_trans           ; work         ;
;    |sum_price:inst2|                      ; 13 (13)             ; 13 (13)                   ; 0           ; 0            ; 0       ; 0         ; 0    ; 0            ; |taxi|sum_price:inst2                                                                                             ; sum_price           ; work         ;
;    |time_price:inst1|                     ; 45 (45)             ; 26 (26)                   ; 0           ; 0            ; 0       ; 0         ; 0    ; 0            ; |taxi|time_price:inst1                                                                                            ; time_price          ; work         ;
;    |trans:inst3|                          ; 1794 (78)           ; 94 (94)                   ; 0           ; 0            ; 0       ; 0         ; 0    ; 0            ; |taxi|trans:inst3                                                                                                 ; trans               ; work         ;
;       |lpm_divide:Div0|                   ; 83 (0)              ; 0 (0)                     ; 0           ; 0            ; 0       ; 0         ; 0    ; 0            ; |taxi|trans:inst3|lpm_divide:Div0                                                                                 ; lpm_divide          ; work         ;
;          |lpm_divide_ckm:auto_generated|  ; 83 (0)              ; 0 (0)                     ; 0           ; 0            ; 0       ; 0         ; 0    ; 0            ; |taxi|trans:inst3|lpm_divide:Div0|lpm_divide_ckm:auto_generated                                                   ; lpm_divide_ckm      ; work         ;
;             |sign_div_unsign_4nh:divider| ; 83 (0)              ; 0 (0)                     ; 0           ; 0            ; 0       ; 0         ; 0    ; 0            ; |taxi|trans:inst3|lpm_divide:Div0|lpm_divide_ckm:auto_generated|sign_div_unsign_4nh:divider                       ; sign_div_unsign_4nh ; work         ;
;                |alt_u_div_s9f:divider|    ; 83 (83)             ; 0 (0)                     ; 0           ; 0            ; 0       ; 0         ; 0    ; 0            ; |taxi|trans:inst3|lpm_divide:Div0|lpm_divide_ckm:auto_generated|sign_div_unsign_4nh:divider|alt_u_div_s9f:divider ; alt_u_div_s9f       ; work         ;
;       |lpm_divide:Div1|                   ; 128 (0)             ; 0 (0)                     ; 0           ; 0            ; 0       ; 0         ; 0    ; 0            ; |taxi|trans:inst3|lpm_divide:Div1                                                                                 ; lpm_divide          ; work         ;
;          |lpm_divide_2jm:auto_generated|  ; 128 (0)             ; 0 (0)                     ; 0           ; 0            ; 0       ; 0         ; 0    ; 0            ; |taxi|trans:inst3|lpm_divide:Div1|lpm_divide_2jm:auto_generated                                                   ; lpm_divide_2jm      ; work         ;
;             |sign_div_unsign_qlh:divider| ; 128 (0)             ; 0 (0)                     ; 0           ; 0            ; 0       ; 0         ; 0    ; 0            ; |taxi|trans:inst3|lpm_divide:Div1|lpm_divide_2jm:auto_generated|sign_div_unsign_qlh:divider                       ; sign_div_unsign_qlh ; work         ;
;                |alt_u_div_87f:divider|    ; 128 (128)           ; 0 (0)                     ; 0           ; 0            ; 0       ; 0         ; 0    ; 0            ; |taxi|trans:inst3|lpm_divide:Div1|lpm_divide_2jm:auto_generated|sign_div_unsign_qlh:divider|alt_u_div_87f:divider ; alt_u_div_87f       ; work         ;
;       |lpm_divide:Div2|                   ; 116 (0)             ; 0 (0)                     ; 0           ; 0            ; 0       ; 0         ; 0    ; 0            ; |taxi|trans:inst3|lpm_divide:Div2                                                                                 ; lpm_divide          ; work         ;
;          |lpm_divide_vim:auto_generated|  ; 116 (0)             ; 0 (0)                     ; 0           ; 0            ; 0       ; 0         ; 0    ; 0            ; |taxi|trans:inst3|lpm_divide:Div2|lpm_divide_vim:auto_generated                                                   ; lpm_divide_vim      ; work         ;
;             |sign_div_unsign_nlh:divider| ; 116 (0)             ; 0 (0)                     ; 0           ; 0            ; 0       ; 0         ; 0    ; 0            ; |taxi|trans:inst3|lpm_divide:Div2|lpm_divide_vim:auto_generated|sign_div_unsign_nlh:divider                       ; sign_div_unsign_nlh ; work         ;
;                |alt_u_div_27f:divider|    ; 116 (116)           ; 0 (0)                     ; 0           ; 0            ; 0       ; 0         ; 0    ; 0            ; |taxi|trans:inst3|lpm_divide:Div2|lpm_divide_vim:auto_generated|sign_div_unsign_nlh:divider|alt_u_div_27f:divider ; alt_u_div_27f       ; work         ;
;       |lpm_divide:Div3|                   ; 83 (0)              ; 0 (0)                     ; 0           ; 0            ; 0       ; 0         ; 0    ; 0            ; |taxi|trans:inst3|lpm_divide:Div3                                                                                 ; lpm_divide          ; work         ;
;          |lpm_divide_ckm:auto_generated|  ; 83 (0)              ; 0 (0)                     ; 0           ; 0            ; 0       ; 0         ; 0    ; 0            ; |taxi|trans:inst3|lpm_divide:Div3|lpm_divide_ckm:auto_generated                                                   ; lpm_divide_ckm      ; work         ;
;             |sign_div_unsign_4nh:divider| ; 83 (0)              ; 0 (0)                     ; 0           ; 0            ; 0       ; 0         ; 0    ; 0            ; |taxi|trans:inst3|lpm_divide:Div3|lpm_divide_ckm:auto_generated|sign_div_unsign_4nh:divider                       ; sign_div_unsign_4nh ; work         ;
;                |alt_u_div_s9f:divider|    ; 83 (83)             ; 0 (0)                     ; 0           ; 0            ; 0       ; 0         ; 0    ; 0            ; |taxi|trans:inst3|lpm_divide:Div3|lpm_divide_ckm:auto_generated|sign_div_unsign_4nh:divider|alt_u_div_s9f:divider ; alt_u_div_s9f       ; work         ;
;       |lpm_divide:Div4|                   ; 128 (0)             ; 0 (0)                     ; 0           ; 0            ; 0       ; 0         ; 0    ; 0            ; |taxi|trans:inst3|lpm_divide:Div4                                                                                 ; lpm_divide          ; work         ;
;          |lpm_divide_2jm:auto_generated|  ; 128 (0)             ; 0 (0)                     ; 0           ; 0            ; 0       ; 0         ; 0    ; 0            ; |taxi|trans:inst3|lpm_divide:Div4|lpm_divide_2jm:auto_generated                                                   ; lpm_divide_2jm      ; work         ;
;             |sign_div_unsign_qlh:divider| ; 128 (0)             ; 0 (0)                     ; 0           ; 0            ; 0       ; 0         ; 0    ; 0            ; |taxi|trans:inst3|lpm_divide:Div4|lpm_divide_2jm:auto_generated|sign_div_unsign_qlh:divider                       ; sign_div_unsign_qlh ; work         ;
;                |alt_u_div_87f:divider|    ; 128 (128)           ; 0 (0)                     ; 0           ; 0            ; 0       ; 0         ; 0    ; 0            ; |taxi|trans:inst3|lpm_divide:Div4|lpm_divide_2jm:auto_generated|sign_div_unsign_qlh:divider|alt_u_div_87f:divider ; alt_u_div_87f       ; work         ;
;       |lpm_divide:Div5|                   ; 116 (0)             ; 0 (0)                     ; 0           ; 0            ; 0       ; 0         ; 0    ; 0            ; |taxi|trans:inst3|lpm_divide:Div5                                                                                 ; lpm_divide          ; work         ;
;          |lpm_divide_vim:auto_generated|  ; 116 (0)             ; 0 (0)                     ; 0           ; 0            ; 0       ; 0         ; 0    ; 0            ; |taxi|trans:inst3|lpm_divide:Div5|lpm_divide_vim:auto_generated                                                   ; lpm_divide_vim      ; work         ;
;             |sign_div_unsign_nlh:divider| ; 116 (0)             ; 0 (0)                     ; 0           ; 0            ; 0       ; 0         ; 0    ; 0            ; |taxi|trans:inst3|lpm_divide:Div5|lpm_divide_vim:auto_generated|sign_div_unsign_nlh:divider                       ; sign_div_unsign_nlh ; work         ;
;                |alt_u_div_27f:divider|    ; 116 (116)           ; 0 (0)                     ; 0           ; 0            ; 0       ; 0         ; 0    ; 0            ; |taxi|trans:inst3|lpm_divide:Div5|lpm_divide_vim:auto_generated|sign_div_unsign_nlh:divider|alt_u_div_27f:divider ; alt_u_div_27f       ; work         ;
;       |lpm_divide:Mod0|                   ; 11 (0)              ; 0 (0)                     ; 0           ; 0            ; 0       ; 0         ; 0    ; 0            ; |taxi|trans:inst3|lpm_divide:Mod0                                                                                 ; lpm_divide          ; work         ;
;          |lpm_divide_icm:auto_generated|  ; 11 (0)              ; 0 (0)                     ; 0           ; 0            ; 0       ; 0         ; 0    ; 0            ; |taxi|trans:inst3|lpm_divide:Mod0|lpm_divide_icm:auto_generated                                                   ; lpm_divide_icm      ; work         ;
;             |sign_div_unsign_7nh:divider| ; 11 (0)              ; 0 (0)                     ; 0           ; 0            ; 0       ; 0         ; 0    ; 0            ; |taxi|trans:inst3|lpm_divide:Mod0|lpm_divide_icm:auto_generated|sign_div_unsign_7nh:divider                       ; sign_div_unsign_7nh ; work         ;
;                |alt_u_div_2af:divider|    ; 11 (11)             ; 0 (0)                     ; 0           ; 0            ; 0       ; 0         ; 0    ; 0            ; |taxi|trans:inst3|lpm_divide:Mod0|lpm_divide_icm:auto_generated|sign_div_unsign_7nh:divider|alt_u_div_2af:divider ; alt_u_div_2af       ; work         ;
;       |lpm_divide:Mod1|                   ; 104 (0)             ; 0 (0)                     ; 0           ; 0            ; 0       ; 0         ; 0    ; 0            ; |taxi|trans:inst3|lpm_divide:Mod1                                                                                 ; lpm_divide          ; work         ;
;          |lpm_divide_icm:auto_generated|  ; 104 (0)             ; 0 (0)                     ; 0           ; 0            ; 0       ; 0         ; 0    ; 0            ; |taxi|trans:inst3|lpm_divide:Mod1|lpm_divide_icm:auto_generated                                                   ; lpm_divide_icm      ; work         ;
;             |sign_div_unsign_7nh:divider| ; 104 (0)             ; 0 (0)                     ; 0           ; 0            ; 0       ; 0         ; 0    ; 0            ; |taxi|trans:inst3|lpm_divide:Mod1|lpm_divide_icm:auto_generated|sign_div_unsign_7nh:divider                       ; sign_div_unsign_7nh ; work         ;
;                |alt_u_div_2af:divider|    ; 104 (104)           ; 0 (0)                     ; 0           ; 0            ; 0       ; 0         ; 0    ; 0            ; |taxi|trans:inst3|lpm_divide:Mod1|lpm_divide_icm:auto_generated|sign_div_unsign_7nh:divider|alt_u_div_2af:divider ; alt_u_div_2af       ; work         ;
;       |lpm_divide:Mod2|                   ; 184 (0)             ; 0 (0)                     ; 0           ; 0            ; 0       ; 0         ; 0    ; 0            ; |taxi|trans:inst3|lpm_divide:Mod2                                                                                 ; lpm_divide          ; work         ;
;          |lpm_divide_icm:auto_generated|  ; 184 (0)             ; 0 (0)                     ; 0           ; 0            ; 0       ; 0         ; 0    ; 0            ; |taxi|trans:inst3|lpm_divide:Mod2|lpm_divide_icm:auto_generated                                                   ; lpm_divide_icm      ; work         ;
;             |sign_div_unsign_7nh:divider| ; 184 (0)             ; 0 (0)                     ; 0           ; 0            ; 0       ; 0         ; 0    ; 0            ; |taxi|trans:inst3|lpm_divide:Mod2|lpm_divide_icm:auto_generated|sign_div_unsign_7nh:divider                       ; sign_div_unsign_7nh ; work         ;
;                |alt_u_div_2af:divider|    ; 184 (184)           ; 0 (0)                     ; 0           ; 0            ; 0       ; 0         ; 0    ; 0            ; |taxi|trans:inst3|lpm_divide:Mod2|lpm_divide_icm:auto_generated|sign_div_unsign_7nh:divider|alt_u_div_2af:divider ; alt_u_div_2af       ; work         ;
;       |lpm_divide:Mod3|                   ; 232 (0)             ; 0 (0)                     ; 0           ; 0            ; 0       ; 0         ; 0    ; 0            ; |taxi|trans:inst3|lpm_divide:Mod3                                                                                 ; lpm_divide          ; work         ;
;          |lpm_divide_icm:auto_generated|  ; 232 (0)             ; 0 (0)                     ; 0           ; 0            ; 0       ; 0         ; 0    ; 0            ; |taxi|trans:inst3|lpm_divide:Mod3|lpm_divide_icm:auto_generated                                                   ; lpm_divide_icm      ; work         ;
;             |sign_div_unsign_7nh:divider| ; 232 (0)             ; 0 (0)                     ; 0           ; 0            ; 0       ; 0         ; 0    ; 0            ; |taxi|trans:inst3|lpm_divide:Mod3|lpm_divide_icm:auto_generated|sign_div_unsign_7nh:divider                       ; sign_div_unsign_7nh ; work         ;
;                |alt_u_div_2af:divider|    ; 232 (232)           ; 0 (0)                     ; 0           ; 0            ; 0       ; 0         ; 0    ; 0            ; |taxi|trans:inst3|lpm_divide:Mod3|lpm_divide_icm:auto_generated|sign_div_unsign_7nh:divider|alt_u_div_2af:divider ; alt_u_div_2af       ; work         ;
;       |lpm_divide:Mod4|                   ; 11 (0)              ; 0 (0)                     ; 0           ; 0            ; 0       ; 0         ; 0    ; 0            ; |taxi|trans:inst3|lpm_divide:Mod4                                                                                 ; lpm_divide          ; work         ;
;          |lpm_divide_icm:auto_generated|  ; 11 (0)              ; 0 (0)                     ; 0           ; 0            ; 0       ; 0         ; 0    ; 0            ; |taxi|trans:inst3|lpm_divide:Mod4|lpm_divide_icm:auto_generated                                                   ; lpm_divide_icm      ; work         ;
;             |sign_div_unsign_7nh:divider| ; 11 (0)              ; 0 (0)                     ; 0           ; 0            ; 0       ; 0         ; 0    ; 0            ; |taxi|trans:inst3|lpm_divide:Mod4|lpm_divide_icm:auto_generated|sign_div_unsign_7nh:divider                       ; sign_div_unsign_7nh ; work         ;
;                |alt_u_div_2af:divider|    ; 11 (11)             ; 0 (0)                     ; 0           ; 0            ; 0       ; 0         ; 0    ; 0            ; |taxi|trans:inst3|lpm_divide:Mod4|lpm_divide_icm:auto_generated|sign_div_unsign_7nh:divider|alt_u_div_2af:divider ; alt_u_div_2af       ; work         ;
;       |lpm_divide:Mod5|                   ; 104 (0)             ; 0 (0)                     ; 0           ; 0            ; 0       ; 0         ; 0    ; 0            ; |taxi|trans:inst3|lpm_divide:Mod5                                                                                 ; lpm_divide          ; work         ;
;          |lpm_divide_icm:auto_generated|  ; 104 (0)             ; 0 (0)                     ; 0           ; 0            ; 0       ; 0         ; 0    ; 0            ; |taxi|trans:inst3|lpm_divide:Mod5|lpm_divide_icm:auto_generated                                                   ; lpm_divide_icm      ; work         ;
;             |sign_div_unsign_7nh:divider| ; 104 (0)             ; 0 (0)                     ; 0           ; 0            ; 0       ; 0         ; 0    ; 0            ; |taxi|trans:inst3|lpm_divide:Mod5|lpm_divide_icm:auto_generated|sign_div_unsign_7nh:divider                       ; sign_div_unsign_7nh ; work         ;
;                |alt_u_div_2af:divider|    ; 104 (104)           ; 0 (0)                     ; 0           ; 0            ; 0       ; 0         ; 0    ; 0            ; |taxi|trans:inst3|lpm_divide:Mod5|lpm_divide_icm:auto_generated|sign_div_unsign_7nh:divider|alt_u_div_2af:divider ; alt_u_div_2af       ; work         ;
;       |lpm_divide:Mod6|                   ; 184 (0)             ; 0 (0)                     ; 0           ; 0            ; 0       ; 0         ; 0    ; 0            ; |taxi|trans:inst3|lpm_divide:Mod6                                                                                 ; lpm_divide          ; work         ;
;          |lpm_divide_icm:auto_generated|  ; 184 (0)             ; 0 (0)                     ; 0           ; 0            ; 0       ; 0         ; 0    ; 0            ; |taxi|trans:inst3|lpm_divide:Mod6|lpm_divide_icm:auto_generated                                                   ; lpm_divide_icm      ; work         ;
;             |sign_div_unsign_7nh:divider| ; 184 (0)             ; 0 (0)                     ; 0           ; 0            ; 0       ; 0         ; 0    ; 0            ; |taxi|trans:inst3|lpm_divide:Mod6|lpm_divide_icm:auto_generated|sign_div_unsign_7nh:divider                       ; sign_div_unsign_7nh ; work         ;
;                |alt_u_div_2af:divider|    ; 184 (184)           ; 0 (0)                     ; 0           ; 0            ; 0       ; 0         ; 0    ; 0            ; |taxi|trans:inst3|lpm_divide:Mod6|lpm_divide_icm:auto_generated|sign_div_unsign_7nh:divider|alt_u_div_2af:divider ; alt_u_div_2af       ; work         ;
;       |lpm_divide:Mod7|                   ; 232 (0)             ; 0 (0)                     ; 0           ; 0            ; 0       ; 0         ; 0    ; 0            ; |taxi|trans:inst3|lpm_divide:Mod7                                                                                 ; lpm_divide          ; work         ;
;          |lpm_divide_icm:auto_generated|  ; 232 (0)             ; 0 (0)                     ; 0           ; 0            ; 0       ; 0         ; 0    ; 0            ; |taxi|trans:inst3|lpm_divide:Mod7|lpm_divide_icm:auto_generated                                                   ; lpm_divide_icm      ; work         ;
;             |sign_div_unsign_7nh:divider| ; 232 (0)             ; 0 (0)                     ; 0           ; 0            ; 0       ; 0         ; 0    ; 0            ; |taxi|trans:inst3|lpm_divide:Mod7|lpm_divide_icm:auto_generated|sign_div_unsign_7nh:divider                       ; sign_div_unsign_7nh ; work         ;
;                |alt_u_div_2af:divider|    ; 232 (232)           ; 0 (0)                     ; 0           ; 0            ; 0       ; 0         ; 0    ; 0            ; |taxi|trans:inst3|lpm_divide:Mod7|lpm_divide_icm:auto_generated|sign_div_unsign_7nh:divider|alt_u_div_2af:divider ; alt_u_div_2af       ; work         ;
+-------------------------------------------+---------------------+---------------------------+-------------+--------------+---------+-----------+------+--------------+-------------------------------------------------------------------------------------------------------------------+---------------------+--------------+
Note: For table entries with two numbers listed, the numbers in parentheses indicate the number of resources of the given type used by the specific entity alone. The numbers listed outside of parentheses indicate the total resources of the given type used by the specific entity and all of its sub-entities in the hierarchy.


+---------------------------------------------------------------------------------+
; Registers Removed During Synthesis                                              ;
+----------------------------------------+----------------------------------------+
; Register name                          ; Reason for Removal                     ;
+----------------------------------------+----------------------------------------+
; trans:inst3|comb1_decade[7..12]        ; Stuck at GND due to stuck port data_in ;
; trans:inst3|comb1_hundred[4..12]       ; Stuck at GND due to stuck port data_in ;
; trans:inst3|comb1_unit[10..12]         ; Stuck at GND due to stuck port data_in ;
; trans:inst3|comb2_decade[7..12]        ; Stuck at GND due to stuck port data_in ;
; trans:inst3|comb2_hundred[4..12]       ; Stuck at GND due to stuck port data_in ;
; trans:inst3|comb2_unit[10..12]         ; Stuck at GND due to stuck port data_in ;
; Total Number of Removed Registers = 36 ;                                        ;
+----------------------------------------+----------------------------------------+


+------------------------------------------------------+
; General Register Statistics                          ;
+----------------------------------------------+-------+
; Statistic                                    ; Value ;
+----------------------------------------------+-------+
; Total registers                              ; 241   ;
; Number of registers using Synchronous Clear  ; 105   ;
; Number of registers using Synchronous Load   ; 0     ;
; Number of registers using Asynchronous Clear ; 0     ;
; Number of registers using Asynchronous Load  ; 0     ;
; Number of registers using Clock Enable       ; 62    ;
; Number of registers using Preset             ; 0     ;
+----------------------------------------------+-------+


+------------------------------------------------------------------------------------------------------------------------------------------------+
; Multiplexer Restructuring Statistics (Restructuring Performed)                                                                                 ;
+--------------------+-----------+---------------+----------------------+------------------------+------------+----------------------------------+
; Multiplexer Inputs ; Bus Width ; Baseline Area ; Area if Restructured ; Saving if Restructured ; Registered ; Example Multiplexer Output       ;
+--------------------+-----------+---------------+----------------------+------------------------+------------+----------------------------------+
; 3:1                ; 13 bits   ; 26 LEs        ; 13 LEs               ; 13 LEs                 ; Yes        ; |taxi|time_price:inst1|price[1]  ;
; 4:1                ; 13 bits   ; 26 LEs        ; 13 LEs               ; 13 LEs                 ; Yes        ; |taxi|distance:inst|miles[11]    ;
; 4:1                ; 12 bits   ; 24 LEs        ; 24 LEs               ; 0 LEs                  ; Yes        ; |taxi|distance:inst|price[11]    ;
; 4:1                ; 13 bits   ; 26 LEs        ; 13 LEs               ; 13 LEs                 ; Yes        ; |taxi|time_price:inst1|count[12] ;
; 5:1                ; 13 bits   ; 39 LEs        ; 13 LEs               ; 26 LEs                 ; Yes        ; |taxi|distance:inst|count[3]     ;
+--------------------+-----------+---------------+----------------------+------------------------+------------+----------------------------------+


+------------------------------------------------------------------------------+
; Parameter Settings for Inferred Entity Instance: trans:inst3|lpm_divide:Mod1 ;
+------------------------+----------------+------------------------------------+
; Parameter Name         ; Value          ; Type                               ;
+------------------------+----------------+------------------------------------+
; LPM_WIDTHN             ; 13             ; Untyped                            ;
; LPM_WIDTHD             ; 13             ; Untyped                            ;
; LPM_NREPRESENTATION    ; UNSIGNED       ; Untyped                            ;
; LPM_DREPRESENTATION    ; UNSIGNED       ; Untyped                            ;
; LPM_PIPELINE           ; 0              ; Untyped                            ;
; LPM_REMAINDERPOSITIVE  ; TRUE           ; Untyped                            ;
; MAXIMIZE_SPEED         ; 5              ; Untyped                            ;
; CBXI_PARAMETER         ; lpm_divide_icm ; Untyped                            ;
; CARRY_CHAIN            ; MANUAL         ; Untyped                            ;
; OPTIMIZE_FOR_SPEED     ; 5              ; Untyped                            ;
; AUTO_CARRY_CHAINS      ; ON             ; AUTO_CARRY                         ;
; IGNORE_CARRY_BUFFERS   ; OFF            ; IGNORE_CARRY                       ;
; AUTO_CASCADE_CHAINS    ; ON             ; AUTO_CASCADE                       ;
; IGNORE_CASCADE_BUFFERS ; OFF            ; IGNORE_CASCADE                     ;
+------------------------+----------------+------------------------------------+
Note: In order to hide this table in the UI and the text report file, please set the "Show Parameter Settings in Synthesis Report" option in "Analysis and Synthesis Settings -> More Settings" to "Off".


+------------------------------------------------------------------------------+
; Parameter Settings for Inferred Entity Instance: trans:inst3|lpm_divide:Mod0 ;
+------------------------+----------------+------------------------------------+
; Parameter Name         ; Value          ; Type                               ;
+------------------------+----------------+------------------------------------+
; LPM_WIDTHN             ; 13             ; Untyped                            ;
; LPM_WIDTHD             ; 13             ; Untyped                            ;
; LPM_NREPRESENTATION    ; UNSIGNED       ; Untyped                            ;
; LPM_DREPRESENTATION    ; UNSIGNED       ; Untyped                            ;
; LPM_PIPELINE           ; 0              ; Untyped                            ;
; LPM_REMAINDERPOSITIVE  ; TRUE           ; Untyped                            ;
; MAXIMIZE_SPEED         ; 5              ; Untyped                            ;
; CBXI_PARAMETER         ; lpm_divide_icm ; Untyped                            ;
; CARRY_CHAIN            ; MANUAL         ; Untyped                            ;
; OPTIMIZE_FOR_SPEED     ; 5              ; Untyped                            ;
; AUTO_CARRY_CHAINS      ; ON             ; AUTO_CARRY                         ;
; IGNORE_CARRY_BUFFERS   ; OFF            ; IGNORE_CARRY                       ;
; AUTO_CASCADE_CHAINS    ; ON             ; AUTO_CASCADE                       ;
; IGNORE_CASCADE_BUFFERS ; OFF            ; IGNORE_CASCADE                     ;
+------------------------+----------------+------------------------------------+
Note: In order to hide this table in the UI and the text report file, please set the "Show Parameter Settings in Synthesis Report" option in "Analysis and Synthesis Settings -> More Settings" to "Off".


+------------------------------------------------------------------------------+
; Parameter Settings for Inferred Entity Instance: trans:inst3|lpm_divide:Mod3 ;
+------------------------+----------------+------------------------------------+
; Parameter Name         ; Value          ; Type                               ;
+------------------------+----------------+------------------------------------+
; LPM_WIDTHN             ; 13             ; Untyped                            ;
; LPM_WIDTHD             ; 13             ; Untyped                            ;
; LPM_NREPRESENTATION    ; UNSIGNED       ; Untyped                            ;
; LPM_DREPRESENTATION    ; UNSIGNED       ; Untyped                            ;
; LPM_PIPELINE           ; 0              ; Untyped                            ;
; LPM_REMAINDERPOSITIVE  ; TRUE           ; Untyped                            ;
; MAXIMIZE_SPEED         ; 5              ; Untyped                            ;
; CBXI_PARAMETER         ; lpm_divide_icm ; Untyped                            ;
; CARRY_CHAIN            ; MANUAL         ; Untyped                            ;
; OPTIMIZE_FOR_SPEED     ; 5              ; Untyped                            ;
; AUTO_CARRY_CHAINS      ; ON             ; AUTO_CARRY                         ;
; IGNORE_CARRY_BUFFERS   ; OFF            ; IGNORE_CARRY                       ;
; AUTO_CASCADE_CHAINS    ; ON             ; AUTO_CASCADE                       ;
; IGNORE_CASCADE_BUFFERS ; OFF            ; IGNORE_CASCADE                     ;
+------------------------+----------------+------------------------------------+
Note: In order to hide this table in the UI and the text report file, please set the "Show Parameter Settings in Synthesis Report" option in "Analysis and Synthesis Settings -> More Settings" to "Off".


+------------------------------------------------------------------------------+
; Parameter Settings for Inferred Entity Instance: trans:inst3|lpm_divide:Mod2 ;
+------------------------+----------------+------------------------------------+
; Parameter Name         ; Value          ; Type                               ;
+------------------------+----------------+------------------------------------+
; LPM_WIDTHN             ; 13             ; Untyped                            ;
; LPM_WIDTHD             ; 13             ; Untyped                            ;
; LPM_NREPRESENTATION    ; UNSIGNED       ; Untyped                            ;
; LPM_DREPRESENTATION    ; UNSIGNED       ; Untyped                            ;
; LPM_PIPELINE           ; 0              ; Untyped                            ;
; LPM_REMAINDERPOSITIVE  ; TRUE           ; Untyped                            ;
; MAXIMIZE_SPEED         ; 5              ; Untyped                            ;
; CBXI_PARAMETER         ; lpm_divide_icm ; Untyped                            ;
; CARRY_CHAIN            ; MANUAL         ; Untyped                            ;
; OPTIMIZE_FOR_SPEED     ; 5              ; Untyped                            ;
; AUTO_CARRY_CHAINS      ; ON             ; AUTO_CARRY                         ;
; IGNORE_CARRY_BUFFERS   ; OFF            ; IGNORE_CARRY                       ;
; AUTO_CASCADE_CHAINS    ; ON             ; AUTO_CASCADE                       ;
; IGNORE_CASCADE_BUFFERS ; OFF            ; IGNORE_CASCADE                     ;
+------------------------+----------------+------------------------------------+
Note: In order to hide this table in the UI and the text report file, please set the "Show Parameter Settings in Synthesis Report" option in "Analysis and Synthesis Settings -> More Settings" to "Off".


+------------------------------------------------------------------------------+
; Parameter Settings for Inferred Entity Instance: trans:inst3|lpm_divide:Mod5 ;
+------------------------+----------------+------------------------------------+
; Parameter Name         ; Value          ; Type                               ;
+------------------------+----------------+------------------------------------+
; LPM_WIDTHN             ; 13             ; Untyped                            ;
; LPM_WIDTHD             ; 13             ; Untyped                            ;
; LPM_NREPRESENTATION    ; UNSIGNED       ; Untyped                            ;
; LPM_DREPRESENTATION    ; UNSIGNED       ; Untyped                            ;
; LPM_PIPELINE           ; 0              ; Untyped                            ;
; LPM_REMAINDERPOSITIVE  ; TRUE           ; Untyped                            ;
; MAXIMIZE_SPEED         ; 5              ; Untyped                            ;
; CBXI_PARAMETER         ; lpm_divide_icm ; Untyped                            ;
; CARRY_CHAIN            ; MANUAL         ; Untyped                            ;
; OPTIMIZE_FOR_SPEED     ; 5              ; Untyped                            ;
; AUTO_CARRY_CHAINS      ; ON             ; AUTO_CARRY                         ;
; IGNORE_CARRY_BUFFERS   ; OFF            ; IGNORE_CARRY                       ;
; AUTO_CASCADE_CHAINS    ; ON             ; AUTO_CASCADE                       ;
; IGNORE_CASCADE_BUFFERS ; OFF            ; IGNORE_CASCADE                     ;
+------------------------+----------------+------------------------------------+
Note: In order to hide this table in the UI and the text report file, please set the "Show Parameter Settings in Synthesis Report" option in "Analysis and Synthesis Settings -> More Settings" to "Off".


+------------------------------------------------------------------------------+
; Parameter Settings for Inferred Entity Instance: trans:inst3|lpm_divide:Mod4 ;
+------------------------+----------------+------------------------------------+
; Parameter Name         ; Value          ; Type                               ;
+------------------------+----------------+------------------------------------+
; LPM_WIDTHN             ; 13             ; Untyped                            ;
; LPM_WIDTHD             ; 13             ; Untyped                            ;
; LPM_NREPRESENTATION    ; UNSIGNED       ; Untyped                            ;
; LPM_DREPRESENTATION    ; UNSIGNED       ; Untyped                            ;
; LPM_PIPELINE           ; 0              ; Untyped                            ;
; LPM_REMAINDERPOSITIVE  ; TRUE           ; Untyped                            ;
; MAXIMIZE_SPEED         ; 5              ; Untyped                            ;
; CBXI_PARAMETER         ; lpm_divide_icm ; Untyped                            ;
; CARRY_CHAIN            ; MANUAL         ; Untyped                            ;
; OPTIMIZE_FOR_SPEED     ; 5              ; Untyped                            ;
; AUTO_CARRY_CHAINS      ; ON             ; AUTO_CARRY                         ;
; IGNORE_CARRY_BUFFERS   ; OFF            ; IGNORE_CARRY                       ;
; AUTO_CASCADE_CHAINS    ; ON             ; AUTO_CASCADE                       ;
; IGNORE_CASCADE_BUFFERS ; OFF            ; IGNORE_CASCADE                     ;
+------------------------+----------------+------------------------------------+
Note: In order to hide this table in the UI and the text report file, please set the "Show Parameter Settings in Synthesis Report" option in "Analysis and Synthesis Settings -> More Settings" to "Off".


+------------------------------------------------------------------------------+
; Parameter Settings for Inferred Entity Instance: trans:inst3|lpm_divide:Mod7 ;
+------------------------+----------------+------------------------------------+
; Parameter Name         ; Value          ; Type                               ;
+------------------------+----------------+------------------------------------+
; LPM_WIDTHN             ; 13             ; Untyped                            ;
; LPM_WIDTHD             ; 13             ; Untyped                            ;
; LPM_NREPRESENTATION    ; UNSIGNED       ; Untyped                            ;
; LPM_DREPRESENTATION    ; UNSIGNED       ; Untyped                            ;
; LPM_PIPELINE           ; 0              ; Untyped                            ;
; LPM_REMAINDERPOSITIVE  ; TRUE           ; Untyped                            ;
; MAXIMIZE_SPEED         ; 5              ; Untyped                            ;
; CBXI_PARAMETER         ; lpm_divide_icm ; Untyped                            ;
; CARRY_CHAIN            ; MANUAL         ; Untyped                            ;
; OPTIMIZE_FOR_SPEED     ; 5              ; Untyped                            ;
; AUTO_CARRY_CHAINS      ; ON             ; AUTO_CARRY                         ;
; IGNORE_CARRY_BUFFERS   ; OFF            ; IGNORE_CARRY                       ;
; AUTO_CASCADE_CHAINS    ; ON             ; AUTO_CASCADE                       ;
; IGNORE_CASCADE_BUFFERS ; OFF            ; IGNORE_CASCADE                     ;
+------------------------+----------------+------------------------------------+
Note: In order to hide this table in the UI and the text report file, please set the "Show Parameter Settings in Synthesis Report" option in "Analysis and Synthesis Settings -> More Settings" to "Off".


+------------------------------------------------------------------------------+
; Parameter Settings for Inferred Entity Instance: trans:inst3|lpm_divide:Mod6 ;
+------------------------+----------------+------------------------------------+
; Parameter Name         ; Value          ; Type                               ;
+------------------------+----------------+------------------------------------+
; LPM_WIDTHN             ; 13             ; Untyped                            ;
; LPM_WIDTHD             ; 13             ; Untyped                            ;
; LPM_NREPRESENTATION    ; UNSIGNED       ; Untyped                            ;
; LPM_DREPRESENTATION    ; UNSIGNED       ; Untyped                            ;
; LPM_PIPELINE           ; 0              ; Untyped                            ;
; LPM_REMAINDERPOSITIVE  ; TRUE           ; Untyped                            ;
; MAXIMIZE_SPEED         ; 5              ; Untyped                            ;
; CBXI_PARAMETER         ; lpm_divide_icm ; Untyped                            ;
; CARRY_CHAIN            ; MANUAL         ; Untyped                            ;
; OPTIMIZE_FOR_SPEED     ; 5              ; Untyped                            ;
; AUTO_CARRY_CHAINS      ; ON             ; AUTO_CARRY                         ;
; IGNORE_CARRY_BUFFERS   ; OFF            ; IGNORE_CARRY                       ;
; AUTO_CASCADE_CHAINS    ; ON             ; AUTO_CASCADE                       ;
; IGNORE_CASCADE_BUFFERS ; OFF            ; IGNORE_CASCADE                     ;
+------------------------+----------------+------------------------------------+
Note: In order to hide this table in the UI and the text report file, please set the "Show Parameter Settings in Synthesis Report" option in "Analysis and Synthesis Settings -> More Settings" to "Off".


+------------------------------------------------------------------------------+
; Parameter Settings for Inferred Entity Instance: trans:inst3|lpm_divide:Div1 ;
+------------------------+----------------+------------------------------------+
; Parameter Name         ; Value          ; Type                               ;
+------------------------+----------------+------------------------------------+
; LPM_WIDTHN             ; 13             ; Untyped                            ;
; LPM_WIDTHD             ; 7              ; Untyped                            ;
; LPM_NREPRESENTATION    ; UNSIGNED       ; Untyped                            ;
; LPM_DREPRESENTATION    ; UNSIGNED       ; Untyped                            ;
; LPM_PIPELINE           ; 0              ; Untyped                            ;
; LPM_REMAINDERPOSITIVE  ; TRUE           ; Untyped                            ;
; MAXIMIZE_SPEED         ; 5              ; Untyped                            ;
; CBXI_PARAMETER         ; lpm_divide_2jm ; Untyped                            ;
; CARRY_CHAIN            ; MANUAL         ; Untyped                            ;
; OPTIMIZE_FOR_SPEED     ; 5              ; Untyped                            ;
; AUTO_CARRY_CHAINS      ; ON             ; AUTO_CARRY                         ;
; IGNORE_CARRY_BUFFERS   ; OFF            ; IGNORE_CARRY                       ;
; AUTO_CASCADE_CHAINS    ; ON             ; AUTO_CASCADE                       ;
; IGNORE_CASCADE_BUFFERS ; OFF            ; IGNORE_CASCADE                     ;
+------------------------+----------------+------------------------------------+
Note: In order to hide this table in the UI and the text report file, please set the "Show Parameter Settings in Synthesis Report" option in "Analysis and Synthesis Settings -> More Settings" to "Off".


+------------------------------------------------------------------------------+
; Parameter Settings for Inferred Entity Instance: trans:inst3|lpm_divide:Div0 ;
+------------------------+----------------+------------------------------------+
; Parameter Name         ; Value          ; Type                               ;
+------------------------+----------------+------------------------------------+
; LPM_WIDTHN             ; 13             ; Untyped                            ;
; LPM_WIDTHD             ; 10             ; Untyped                            ;
; LPM_NREPRESENTATION    ; UNSIGNED       ; Untyped                            ;
; LPM_DREPRESENTATION    ; UNSIGNED       ; Untyped                            ;
; LPM_PIPELINE           ; 0              ; Untyped                            ;
; LPM_REMAINDERPOSITIVE  ; TRUE           ; Untyped                            ;
; MAXIMIZE_SPEED         ; 5              ; Untyped                            ;
; CBXI_PARAMETER         ; lpm_divide_ckm ; Untyped                            ;
; CARRY_CHAIN            ; MANUAL         ; Untyped                            ;
; OPTIMIZE_FOR_SPEED     ; 5              ; Untyped                            ;
; AUTO_CARRY_CHAINS      ; ON             ; AUTO_CARRY                         ;
; IGNORE_CARRY_BUFFERS   ; OFF            ; IGNORE_CARRY                       ;
; AUTO_CASCADE_CHAINS    ; ON             ; AUTO_CASCADE                       ;
; IGNORE_CASCADE_BUFFERS ; OFF            ; IGNORE_CASCADE                     ;
+------------------------+----------------+------------------------------------+
Note: In order to hide this table in the UI and the text report file, please set the "Show Parameter Settings in Synthesis Report" option in "Analysis and Synthesis Settings -> More Settings" to "Off".


+------------------------------------------------------------------------------+
; Parameter Settings for Inferred Entity Instance: trans:inst3|lpm_divide:Div2 ;
+------------------------+----------------+------------------------------------+
; Parameter Name         ; Value          ; Type                               ;
+------------------------+----------------+------------------------------------+
; LPM_WIDTHN             ; 13             ; Untyped                            ;
; LPM_WIDTHD             ; 4              ; Untyped                            ;
; LPM_NREPRESENTATION    ; UNSIGNED       ; Untyped                            ;
; LPM_DREPRESENTATION    ; UNSIGNED       ; Untyped                            ;
; LPM_PIPELINE           ; 0              ; Untyped                            ;
; LPM_REMAINDERPOSITIVE  ; TRUE           ; Untyped                            ;
; MAXIMIZE_SPEED         ; 5              ; Untyped                            ;
; CBXI_PARAMETER         ; lpm_divide_vim ; Untyped                            ;
; CARRY_CHAIN            ; MANUAL         ; Untyped                            ;
; OPTIMIZE_FOR_SPEED     ; 5              ; Untyped                            ;
; AUTO_CARRY_CHAINS      ; ON             ; AUTO_CARRY                         ;
; IGNORE_CARRY_BUFFERS   ; OFF            ; IGNORE_CARRY                       ;
; AUTO_CASCADE_CHAINS    ; ON             ; AUTO_CASCADE                       ;
; IGNORE_CASCADE_BUFFERS ; OFF            ; IGNORE_CASCADE                     ;
+------------------------+----------------+------------------------------------+
Note: In order to hide this table in the UI and the text report file, please set the "Show Parameter Settings in Synthesis Report" option in "Analysis and Synthesis Settings -> More Settings" to "Off".


+------------------------------------------------------------------------------+
; Parameter Settings for Inferred Entity Instance: trans:inst3|lpm_divide:Div4 ;
+------------------------+----------------+------------------------------------+
; Parameter Name         ; Value          ; Type                               ;
+------------------------+----------------+------------------------------------+
; LPM_WIDTHN             ; 13             ; Untyped                            ;
; LPM_WIDTHD             ; 7              ; Untyped                            ;
; LPM_NREPRESENTATION    ; UNSIGNED       ; Untyped                            ;
; LPM_DREPRESENTATION    ; UNSIGNED       ; Untyped                            ;
; LPM_PIPELINE           ; 0              ; Untyped                            ;
; LPM_REMAINDERPOSITIVE  ; TRUE           ; Untyped                            ;
; MAXIMIZE_SPEED         ; 5              ; Untyped                            ;
; CBXI_PARAMETER         ; lpm_divide_2jm ; Untyped                            ;
; CARRY_CHAIN            ; MANUAL         ; Untyped                            ;
; OPTIMIZE_FOR_SPEED     ; 5              ; Untyped                            ;
; AUTO_CARRY_CHAINS      ; ON             ; AUTO_CARRY                         ;
; IGNORE_CARRY_BUFFERS   ; OFF            ; IGNORE_CARRY                       ;
; AUTO_CASCADE_CHAINS    ; ON             ; AUTO_CASCADE                       ;
; IGNORE_CASCADE_BUFFERS ; OFF            ; IGNORE_CASCADE                     ;
+------------------------+----------------+------------------------------------+
Note: In order to hide this table in the UI and the text report file, please set the "Show Parameter Settings in Synthesis Report" option in "Analysis and Synthesis Settings -> More Settings" to "Off".


+------------------------------------------------------------------------------+
; Parameter Settings for Inferred Entity Instance: trans:inst3|lpm_divide:Div3 ;
+------------------------+----------------+------------------------------------+
; Parameter Name         ; Value          ; Type                               ;
+------------------------+----------------+------------------------------------+
; LPM_WIDTHN             ; 13             ; Untyped                            ;
; LPM_WIDTHD             ; 10             ; Untyped                            ;
; LPM_NREPRESENTATION    ; UNSIGNED       ; Untyped                            ;
; LPM_DREPRESENTATION    ; UNSIGNED       ; Untyped                            ;
; LPM_PIPELINE           ; 0              ; Untyped                            ;
; LPM_REMAINDERPOSITIVE  ; TRUE           ; Untyped                            ;
; MAXIMIZE_SPEED         ; 5              ; Untyped                            ;
; CBXI_PARAMETER         ; lpm_divide_ckm ; Untyped                            ;
; CARRY_CHAIN            ; MANUAL         ; Untyped                            ;
; OPTIMIZE_FOR_SPEED     ; 5              ; Untyped                            ;
; AUTO_CARRY_CHAINS      ; ON             ; AUTO_CARRY                         ;
; IGNORE_CARRY_BUFFERS   ; OFF            ; IGNORE_CARRY                       ;
; AUTO_CASCADE_CHAINS    ; ON             ; AUTO_CASCADE                       ;
; IGNORE_CASCADE_BUFFERS ; OFF            ; IGNORE_CASCADE                     ;
+------------------------+----------------+------------------------------------+
Note: In order to hide this table in the UI and the text report file, please set the "Show Parameter Settings in Synthesis Report" option in "Analysis and Synthesis Settings -> More Settings" to "Off".


+------------------------------------------------------------------------------+
; Parameter Settings for Inferred Entity Instance: trans:inst3|lpm_divide:Div5 ;
+------------------------+----------------+------------------------------------+
; Parameter Name         ; Value          ; Type                               ;
+------------------------+----------------+------------------------------------+
; LPM_WIDTHN             ; 13             ; Untyped                            ;
; LPM_WIDTHD             ; 4              ; Untyped                            ;
; LPM_NREPRESENTATION    ; UNSIGNED       ; Untyped                            ;
; LPM_DREPRESENTATION    ; UNSIGNED       ; Untyped                            ;
; LPM_PIPELINE           ; 0              ; Untyped                            ;
; LPM_REMAINDERPOSITIVE  ; TRUE           ; Untyped                            ;
; MAXIMIZE_SPEED         ; 5              ; Untyped                            ;
; CBXI_PARAMETER         ; lpm_divide_vim ; Untyped                            ;
; CARRY_CHAIN            ; MANUAL         ; Untyped                            ;
; OPTIMIZE_FOR_SPEED     ; 5              ; Untyped                            ;
; AUTO_CARRY_CHAINS      ; ON             ; AUTO_CARRY                         ;
; IGNORE_CARRY_BUFFERS   ; OFF            ; IGNORE_CARRY                       ;
; AUTO_CASCADE_CHAINS    ; ON             ; AUTO_CASCADE                       ;
; IGNORE_CASCADE_BUFFERS ; OFF            ; IGNORE_CASCADE                     ;
+------------------------+----------------+------------------------------------+
Note: In order to hide this table in the UI and the text report file, please set the "Show Parameter Settings in Synthesis Report" option in "Analysis and Synthesis Settings -> More Settings" to "Off".


+-----------------------------------------------------+
; Post-Synthesis Netlist Statistics for Top Partition ;
+-----------------------+-----------------------------+
; Type                  ; Count                       ;
+-----------------------+-----------------------------+
; boundary_port         ; 61                          ;
; cycloneiii_ff         ; 241                         ;
;     ENA               ; 23                          ;
;     ENA SCLR          ; 39                          ;
;     SCLR              ; 66                          ;
;     plain             ; 113                         ;
; cycloneiii_lcell_comb ; 2083                        ;
;     arith             ; 741                         ;
;         1 data inputs ; 26                          ;
;         2 data inputs ; 203                         ;
;         3 data inputs ; 512                         ;
;     normal            ; 1342                        ;
;         0 data inputs ; 86                          ;
;         1 data inputs ; 52                          ;
;         2 data inputs ; 729                         ;
;         3 data inputs ; 41                          ;
;         4 data inputs ; 434                         ;
;                       ;                             ;
; Max LUT depth         ; 29.50                       ;
; Average LUT depth     ; 17.10                       ;
+-----------------------+-----------------------------+


+-------------------------------+
; Elapsed Time Per Partition    ;
+----------------+--------------+
; Partition Name ; Elapsed Time ;
+----------------+--------------+
; Top            ; 00:00:02     ;
+----------------+--------------+


+-------------------------------+
; Analysis & Synthesis Messages ;
+-------------------------------+
Info: *******************************************************************
Info: Running Quartus Prime Analysis & Synthesis
    Info: Version 18.1.0 Build 625 09/12/2018 SJ Lite Edition
    Info: Processing started: Fri Dec 27 14:20:59 2019
Info: Command: quartus_map --read_settings_files=on --write_settings_files=off taxi -c taxi
Warning (18236): Number of processors has not been specified which may cause overloading on shared machines.  Set the global assignment NUM_PARALLEL_PROCESSORS in your QSF to an appropriate value for best performance.
Info (20030): Parallel compilation is enabled and will use 4 of the 4 processors detected
Info (12021): Found 2 design units, including 1 entities, in source file time_price.vhd
    Info (12022): Found design unit 1: time_price-behav File: D:/FPGA/taxi/time_price.vhd Line: 12
    Info (12023): Found entity 1: time_price File: D:/FPGA/taxi/time_price.vhd Line: 6
Info (12021): Found 2 design units, including 1 entities, in source file seg_trans.vhd
    Info (12022): Found design unit 1: seg_trans-behav File: D:/FPGA/taxi/seg_trans.vhd Line: 12
    Info (12023): Found entity 1: seg_trans File: D:/FPGA/taxi/seg_trans.vhd Line: 6
Info (12021): Found 2 design units, including 1 entities, in source file div.vhd
    Info (12022): Found design unit 1: div-behav File: D:/FPGA/taxi/div.vhd Line: 13
    Info (12023): Found entity 1: div File: D:/FPGA/taxi/div.vhd Line: 6
Info (12021): Found 2 design units, including 1 entities, in source file distance.vhd
    Info (12022): Found design unit 1: distance-behav File: D:/FPGA/taxi/distance.vhd Line: 14
    Info (12023): Found entity 1: distance File: D:/FPGA/taxi/distance.vhd Line: 6
Info (12021): Found 2 design units, including 1 entities, in source file sum_price.vhd
    Info (12022): Found design unit 1: sum_price-behav File: D:/FPGA/taxi/sum_price.vhd Line: 13
    Info (12023): Found entity 1: sum_price File: D:/FPGA/taxi/sum_price.vhd Line: 6
Info (12021): Found 2 design units, including 1 entities, in source file trans.vhd
    Info (12022): Found design unit 1: trans-behav File: D:/FPGA/taxi/trans.vhd Line: 13
    Info (12023): Found entity 1: trans File: D:/FPGA/taxi/trans.vhd Line: 6
Info (12021): Found 1 design units, including 1 entities, in source file taxi.bdf
    Info (12023): Found entity 1: taxi
Info (12021): Found 2 design units, including 1 entities, in source file taxi_sim.vhd
    Info (12022): Found design unit 1: taxi_sim-taxi_arch File: D:/FPGA/taxi/taxi_sim.vhd Line: 6
    Info (12023): Found entity 1: taxi_sim File: D:/FPGA/taxi/taxi_sim.vhd Line: 4
Info (12127): Elaborating entity "taxi" for the top level hierarchy
Warning (275011): Block or symbol "seg_trans" of instance "inst5" overlaps another block or symbol
Info (12128): Elaborating entity "seg_trans" for hierarchy "seg_trans:inst5"
Info (12128): Elaborating entity "trans" for hierarchy "trans:inst3"
Warning (10492): VHDL Process Statement warning at trans.vhd(26): signal "comb1_hundred" is read inside the Process Statement but isn't in the Process Statement's sensitivity list File: D:/FPGA/taxi/trans.vhd Line: 26
Warning (10492): VHDL Process Statement warning at trans.vhd(27): signal "comb1_decade" is read inside the Process Statement but isn't in the Process Statement's sensitivity list File: D:/FPGA/taxi/trans.vhd Line: 27
Warning (10492): VHDL Process Statement warning at trans.vhd(28): signal "comb1_unit" is read inside the Process Statement but isn't in the Process Statement's sensitivity list File: D:/FPGA/taxi/trans.vhd Line: 28
Warning (10492): VHDL Process Statement warning at trans.vhd(29): signal "comb1_mil" is read inside the Process Statement but isn't in the Process Statement's sensitivity list File: D:/FPGA/taxi/trans.vhd Line: 29
Warning (10492): VHDL Process Statement warning at trans.vhd(41): signal "comb2_hundred" is read inside the Process Statement but isn't in the Process Statement's sensitivity list File: D:/FPGA/taxi/trans.vhd Line: 41
Warning (10492): VHDL Process Statement warning at trans.vhd(42): signal "comb2_decade" is read inside the Process Statement but isn't in the Process Statement's sensitivity list File: D:/FPGA/taxi/trans.vhd Line: 42
Warning (10492): VHDL Process Statement warning at trans.vhd(43): signal "comb2_unit" is read inside the Process Statement but isn't in the Process Statement's sensitivity list File: D:/FPGA/taxi/trans.vhd Line: 43
Warning (10492): VHDL Process Statement warning at trans.vhd(44): signal "comb2_mil" is read inside the Process Statement but isn't in the Process Statement's sensitivity list File: D:/FPGA/taxi/trans.vhd Line: 44
Info (12128): Elaborating entity "div" for hierarchy "div:inst12"
Info (12128): Elaborating entity "distance" for hierarchy "distance:inst"
Warning (10492): VHDL Process Statement warning at distance.vhd(58): signal "price" is read inside the Process Statement but isn't in the Process Statement's sensitivity list File: D:/FPGA/taxi/distance.vhd Line: 58
Warning (10492): VHDL Process Statement warning at distance.vhd(59): signal "miles" is read inside the Process Statement but isn't in the Process Statement's sensitivity list File: D:/FPGA/taxi/distance.vhd Line: 59
Info (12128): Elaborating entity "sum_price" for hierarchy "sum_price:inst2"
Warning (10492): VHDL Process Statement warning at sum_price.vhd(20): signal "price" is read inside the Process Statement but isn't in the Process Statement's sensitivity list File: D:/FPGA/taxi/sum_price.vhd Line: 20
Info (12128): Elaborating entity "time_price" for hierarchy "time_price:inst1"
Warning (10492): VHDL Process Statement warning at time_price.vhd(31): signal "price" is read inside the Process Statement but isn't in the Process Statement's sensitivity list File: D:/FPGA/taxi/time_price.vhd Line: 31
Info (278001): Inferred 14 megafunctions from design logic
    Info (278004): Inferred divider/modulo megafunction ("lpm_divide") from the following logic: "trans:inst3|Mod1" File: D:/FPGA/taxi/trans.vhd Line: 27
    Info (278004): Inferred divider/modulo megafunction ("lpm_divide") from the following logic: "trans:inst3|Mod0" File: D:/FPGA/taxi/trans.vhd Line: 26
    Info (278004): Inferred divider/modulo megafunction ("lpm_divide") from the following logic: "trans:inst3|Mod3" File: D:/FPGA/taxi/trans.vhd Line: 29
    Info (278004): Inferred divider/modulo megafunction ("lpm_divide") from the following logic: "trans:inst3|Mod2" File: D:/FPGA/taxi/trans.vhd Line: 28
    Info (278004): Inferred divider/modulo megafunction ("lpm_divide") from the following logic: "trans:inst3|Mod5" File: D:/FPGA/taxi/trans.vhd Line: 42
    Info (278004): Inferred divider/modulo megafunction ("lpm_divide") from the following logic: "trans:inst3|Mod4" File: D:/FPGA/taxi/trans.vhd Line: 41
    Info (278004): Inferred divider/modulo megafunction ("lpm_divide") from the following logic: "trans:inst3|Mod7" File: D:/FPGA/taxi/trans.vhd Line: 44
    Info (278004): Inferred divider/modulo megafunction ("lpm_divide") from the following logic: "trans:inst3|Mod6" File: D:/FPGA/taxi/trans.vhd Line: 43
    Info (278004): Inferred divider/modulo megafunction ("lpm_divide") from the following logic: "trans:inst3|Div1" File: D:/FPGA/taxi/trans.vhd Line: 21
    Info (278004): Inferred divider/modulo megafunction ("lpm_divide") from the following logic: "trans:inst3|Div0" File: D:/FPGA/taxi/trans.vhd Line: 20
    Info (278004): Inferred divider/modulo megafunction ("lpm_divide") from the following logic: "trans:inst3|Div2" File: D:/FPGA/taxi/trans.vhd Line: 22
    Info (278004): Inferred divider/modulo megafunction ("lpm_divide") from the following logic: "trans:inst3|Div4" File: D:/FPGA/taxi/trans.vhd Line: 37
    Info (278004): Inferred divider/modulo megafunction ("lpm_divide") from the following logic: "trans:inst3|Div3" File: D:/FPGA/taxi/trans.vhd Line: 36
    Info (278004): Inferred divider/modulo megafunction ("lpm_divide") from the following logic: "trans:inst3|Div5" File: D:/FPGA/taxi/trans.vhd Line: 38
Info (12130): Elaborated megafunction instantiation "trans:inst3|lpm_divide:Mod1" File: D:/FPGA/taxi/trans.vhd Line: 27
Info (12133): Instantiated megafunction "trans:inst3|lpm_divide:Mod1" with the following parameter: File: D:/FPGA/taxi/trans.vhd Line: 27
    Info (12134): Parameter "LPM_WIDTHN" = "13"
    Info (12134): Parameter "LPM_WIDTHD" = "13"
    Info (12134): Parameter "LPM_NREPRESENTATION" = "UNSIGNED"
    Info (12134): Parameter "LPM_DREPRESENTATION" = "UNSIGNED"
Info (12021): Found 1 design units, including 1 entities, in source file db/lpm_divide_icm.tdf
    Info (12023): Found entity 1: lpm_divide_icm File: D:/FPGA/taxi/db/lpm_divide_icm.tdf Line: 24
Info (12021): Found 1 design units, including 1 entities, in source file db/sign_div_unsign_7nh.tdf
    Info (12023): Found entity 1: sign_div_unsign_7nh File: D:/FPGA/taxi/db/sign_div_unsign_7nh.tdf Line: 24
Info (12021): Found 1 design units, including 1 entities, in source file db/alt_u_div_2af.tdf
    Info (12023): Found entity 1: alt_u_div_2af File: D:/FPGA/taxi/db/alt_u_div_2af.tdf Line: 26
Info (12021): Found 1 design units, including 1 entities, in source file db/add_sub_7pc.tdf
    Info (12023): Found entity 1: add_sub_7pc File: D:/FPGA/taxi/db/add_sub_7pc.tdf Line: 22
Info (12021): Found 1 design units, including 1 entities, in source file db/add_sub_8pc.tdf
    Info (12023): Found entity 1: add_sub_8pc File: D:/FPGA/taxi/db/add_sub_8pc.tdf Line: 22
Info (12130): Elaborated megafunction instantiation "trans:inst3|lpm_divide:Div1" File: D:/FPGA/taxi/trans.vhd Line: 21
Info (12133): Instantiated megafunction "trans:inst3|lpm_divide:Div1" with the following parameter: File: D:/FPGA/taxi/trans.vhd Line: 21
    Info (12134): Parameter "LPM_WIDTHN" = "13"
    Info (12134): Parameter "LPM_WIDTHD" = "7"
    Info (12134): Parameter "LPM_NREPRESENTATION" = "UNSIGNED"
    Info (12134): Parameter "LPM_DREPRESENTATION" = "UNSIGNED"
Info (12021): Found 1 design units, including 1 entities, in source file db/lpm_divide_2jm.tdf
    Info (12023): Found entity 1: lpm_divide_2jm File: D:/FPGA/taxi/db/lpm_divide_2jm.tdf Line: 24
Info (12021): Found 1 design units, including 1 entities, in source file db/sign_div_unsign_qlh.tdf
    Info (12023): Found entity 1: sign_div_unsign_qlh File: D:/FPGA/taxi/db/sign_div_unsign_qlh.tdf Line: 24
Info (12021): Found 1 design units, including 1 entities, in source file db/alt_u_div_87f.tdf
    Info (12023): Found entity 1: alt_u_div_87f File: D:/FPGA/taxi/db/alt_u_div_87f.tdf Line: 26
Info (12130): Elaborated megafunction instantiation "trans:inst3|lpm_divide:Div0" File: D:/FPGA/taxi/trans.vhd Line: 20
Info (12133): Instantiated megafunction "trans:inst3|lpm_divide:Div0" with the following parameter: File: D:/FPGA/taxi/trans.vhd Line: 20
    Info (12134): Parameter "LPM_WIDTHN" = "13"
    Info (12134): Parameter "LPM_WIDTHD" = "10"
    Info (12134): Parameter "LPM_NREPRESENTATION" = "UNSIGNED"
    Info (12134): Parameter "LPM_DREPRESENTATION" = "UNSIGNED"
Info (12021): Found 1 design units, including 1 entities, in source file db/lpm_divide_ckm.tdf
    Info (12023): Found entity 1: lpm_divide_ckm File: D:/FPGA/taxi/db/lpm_divide_ckm.tdf Line: 24
Info (12021): Found 1 design units, including 1 entities, in source file db/sign_div_unsign_4nh.tdf
    Info (12023): Found entity 1: sign_div_unsign_4nh File: D:/FPGA/taxi/db/sign_div_unsign_4nh.tdf Line: 24
Info (12021): Found 1 design units, including 1 entities, in source file db/alt_u_div_s9f.tdf
    Info (12023): Found entity 1: alt_u_div_s9f File: D:/FPGA/taxi/db/alt_u_div_s9f.tdf Line: 26
Info (12130): Elaborated megafunction instantiation "trans:inst3|lpm_divide:Div2" File: D:/FPGA/taxi/trans.vhd Line: 22
Info (12133): Instantiated megafunction "trans:inst3|lpm_divide:Div2" with the following parameter: File: D:/FPGA/taxi/trans.vhd Line: 22
    Info (12134): Parameter "LPM_WIDTHN" = "13"
    Info (12134): Parameter "LPM_WIDTHD" = "4"
    Info (12134): Parameter "LPM_NREPRESENTATION" = "UNSIGNED"
    Info (12134): Parameter "LPM_DREPRESENTATION" = "UNSIGNED"
Info (12021): Found 1 design units, including 1 entities, in source file db/lpm_divide_vim.tdf
    Info (12023): Found entity 1: lpm_divide_vim File: D:/FPGA/taxi/db/lpm_divide_vim.tdf Line: 24
Info (12021): Found 1 design units, including 1 entities, in source file db/sign_div_unsign_nlh.tdf
    Info (12023): Found entity 1: sign_div_unsign_nlh File: D:/FPGA/taxi/db/sign_div_unsign_nlh.tdf Line: 24
Info (12021): Found 1 design units, including 1 entities, in source file db/alt_u_div_27f.tdf
    Info (12023): Found entity 1: alt_u_div_27f File: D:/FPGA/taxi/db/alt_u_div_27f.tdf Line: 26
Info (286030): Timing-Driven Synthesis is running
Info (16010): Generating hard_block partition "hard_block:auto_generated_inst"
    Info (16011): Adding 0 node(s), including 0 DDIO, 0 PLL, 0 transceiver and 0 LCELL
Info (21057): Implemented 2190 device resources after synthesis - the final resource count might be different
    Info (21058): Implemented 5 input pins
    Info (21059): Implemented 56 output pins
    Info (21061): Implemented 2129 logic cells
Info: Quartus Prime Analysis & Synthesis was successful. 0 errors, 14 warnings
    Info: Peak virtual memory: 4835 megabytes
    Info: Processing ended: Fri Dec 27 14:21:15 2019
    Info: Elapsed time: 00:00:16
    Info: Total CPU time (on all processors): 00:00:33


